<?xml version="1.0" encoding="UTF-8"?>
<!-- Generated by org.testng.reporters.JUnitReportReporter -->
<testsuite hostname="DESKTOP-1ECDSFV" failures="0" tests="3" name="dev.serverest.runners.TestNGRunner" time="10.665" errors="0" timestamp="2023-11-08T02:12:07 GMT-03:00" skipped="0">
  <testcase classname="dev.serverest.runners.TestNGRunner" name="scenario" time="3.793"/>
  <testcase classname="dev.serverest.runners.TestNGRunner" name="scenario" time="3.440"/>
  <testcase classname="dev.serverest.runners.TestNGRunner" name="scenario" time="3.432"/>
</testsuite> <!-- dev.serverest.runners.TestNGRunner -->
